<?xml version="1.0" encoding="UTF-8"?>
<testsuite xmlns:xsi="http://www.w3.org/2001/XMLSchema-instance" xsi:noNamespaceSchemaLocation="https://maven.apache.org/surefire/maven-surefire-plugin/xsd/surefire-test-report.xsd" name="com.infrastructure.testing.TestContextLoading" time="1.177" tests="0" errors="0" skipped="0" failures="0">
  <properties>
    <property name="sun.desktop" value="windows"/>
    <property name="awt.toolkit" value="sun.awt.windows.WToolkit"/>
    <property name="file.encoding.pkg" value="sun.io"/>
    <property name="java.specification.version" value="1.8"/>
    <property name="sun.cpu.isalist" value="amd64"/>
    <property name="sun.jnu.encoding" value="Cp1252"/>
    <property name="java.class.path" value="F:\MavenProjects\target\test-classes;F:\MavenProjects\target\classes;C:\Users\Kumarasamy\.m2\repository\org\springframework\spring-core\3.2.3.RELEASE\spring-core-3.2.3.RELEASE.jar;C:\Users\Kumarasamy\.m2\repository\commons-logging\commons-logging\1.1.1\commons-logging-1.1.1.jar;C:\Users\Kumarasamy\.m2\repository\org\springframework\spring-context\3.2.3.RELEASE\spring-context-3.2.3.RELEASE.jar;C:\Users\Kumarasamy\.m2\repository\org\springframework\spring-aop\3.2.3.RELEASE\spring-aop-3.2.3.RELEASE.jar;C:\Users\Kumarasamy\.m2\repository\aopalliance\aopalliance\1.0\aopalliance-1.0.jar;C:\Users\Kumarasamy\.m2\repository\org\springframework\spring-beans\3.2.3.RELEASE\spring-beans-3.2.3.RELEASE.jar;C:\Users\Kumarasamy\.m2\repository\org\springframework\spring-expression\3.2.3.RELEASE\spring-expression-3.2.3.RELEASE.jar;C:\Users\Kumarasamy\.m2\repository\org\testng\testng\6.9.8\testng-6.9.8.jar;C:\Users\Kumarasamy\.m2\repository\org\beanshell\bsh\2.0b4\bsh-2.0b4.jar;C:\Users\Kumarasamy\.m2\repository\com\beust\jcommander\1.48\jcommander-1.48.jar;C:\Users\Kumarasamy\.m2\repository\org\springframework\spring-test\4.0.5.RELEASE\spring-test-4.0.5.RELEASE.jar;C:\Users\Kumarasamy\.m2\repository\junit\junit\4.12\junit-4.12.jar;C:\Users\Kumarasamy\.m2\repository\org\hamcrest\hamcrest-core\1.3\hamcrest-core-1.3.jar;C:\Users\Kumarasamy\.m2\repository\org\apache\maven\surefire\surefire-testng-utils\2.22.0\surefire-testng-utils-2.22.0.jar;C:\Users\Kumarasamy\.m2\repository\org\apache\maven\surefire\surefire-grouper\2.22.0\surefire-grouper-2.22.0.jar;"/>
    <property name="java.vm.vendor" value="Oracle Corporation"/>
    <property name="sun.arch.data.model" value="64"/>
    <property name="user.variant" value=""/>
    <property name="java.vendor.url" value="http://java.oracle.com/"/>
    <property name="user.timezone" value="Asia/Calcutta"/>
    <property name="java.vm.specification.version" value="1.8"/>
    <property name="os.name" value="Windows 10"/>
    <property name="user.country" value="IN"/>
    <property name="sun.java.launcher" value="SUN_STANDARD"/>
    <property name="sun.boot.library.path" value="C:\Program Files\Java\jdk1.8.0_161\jre\bin"/>
    <property name="sun.java.command" value="C:\Users\KUMARA~1\AppData\Local\Temp\surefire2134759361527129041\surefirebooter6258421503086190191.jar C:\Users\Kumarasamy\AppData\Local\Temp\surefire2134759361527129041 2018-12-03T22-26-02_709-jvmRun1 surefire3294013799679757509tmp surefire_06453636590848163236tmp"/>
    <property name="surefire.test.class.path" value="F:\MavenProjects\target\test-classes;F:\MavenProjects\target\classes;C:\Users\Kumarasamy\.m2\repository\org\springframework\spring-core\3.2.3.RELEASE\spring-core-3.2.3.RELEASE.jar;C:\Users\Kumarasamy\.m2\repository\commons-logging\commons-logging\1.1.1\commons-logging-1.1.1.jar;C:\Users\Kumarasamy\.m2\repository\org\springframework\spring-context\3.2.3.RELEASE\spring-context-3.2.3.RELEASE.jar;C:\Users\Kumarasamy\.m2\repository\org\springframework\spring-aop\3.2.3.RELEASE\spring-aop-3.2.3.RELEASE.jar;C:\Users\Kumarasamy\.m2\repository\aopalliance\aopalliance\1.0\aopalliance-1.0.jar;C:\Users\Kumarasamy\.m2\repository\org\springframework\spring-beans\3.2.3.RELEASE\spring-beans-3.2.3.RELEASE.jar;C:\Users\Kumarasamy\.m2\repository\org\springframework\spring-expression\3.2.3.RELEASE\spring-expression-3.2.3.RELEASE.jar;C:\Users\Kumarasamy\.m2\repository\org\testng\testng\6.9.8\testng-6.9.8.jar;C:\Users\Kumarasamy\.m2\repository\org\beanshell\bsh\2.0b4\bsh-2.0b4.jar;C:\Users\Kumarasamy\.m2\repository\com\beust\jcommander\1.48\jcommander-1.48.jar;C:\Users\Kumarasamy\.m2\repository\org\springframework\spring-test\4.0.5.RELEASE\spring-test-4.0.5.RELEASE.jar;C:\Users\Kumarasamy\.m2\repository\junit\junit\4.12\junit-4.12.jar;C:\Users\Kumarasamy\.m2\repository\org\hamcrest\hamcrest-core\1.3\hamcrest-core-1.3.jar;C:\Users\Kumarasamy\.m2\repository\org\apache\maven\surefire\surefire-testng-utils\2.22.0\surefire-testng-utils-2.22.0.jar;C:\Users\Kumarasamy\.m2\repository\org\apache\maven\surefire\surefire-grouper\2.22.0\surefire-grouper-2.22.0.jar;"/>
    <property name="sun.cpu.endian" value="little"/>
    <property name="user.home" value="C:\Users\Kumarasamy"/>
    <property name="user.language" value="en"/>
    <property name="java.specification.vendor" value="Oracle Corporation"/>
    <property name="java.home" value="C:\Program Files\Java\jdk1.8.0_161\jre"/>
    <property name="basedir" value="F:\MavenProjects"/>
    <property name="file.separator" value="\"/>
    <property name="line.separator" value="&#10;"/>
    <property name="java.vm.specification.vendor" value="Oracle Corporation"/>
    <property name="java.specification.name" value="Java Platform API Specification"/>
    <property name="java.awt.graphicsenv" value="sun.awt.Win32GraphicsEnvironment"/>
    <property name="surefire.real.class.path" value="C:\Users\KUMARA~1\AppData\Local\Temp\surefire2134759361527129041\surefirebooter6258421503086190191.jar"/>
    <property name="sun.boot.class.path" value="C:\Program Files\Java\jdk1.8.0_161\jre\lib\resources.jar;C:\Program Files\Java\jdk1.8.0_161\jre\lib\rt.jar;C:\Program Files\Java\jdk1.8.0_161\jre\lib\sunrsasign.jar;C:\Program Files\Java\jdk1.8.0_161\jre\lib\jsse.jar;C:\Program Files\Java\jdk1.8.0_161\jre\lib\jce.jar;C:\Program Files\Java\jdk1.8.0_161\jre\lib\charsets.jar;C:\Program Files\Java\jdk1.8.0_161\jre\lib\jfr.jar;C:\Program Files\Java\jdk1.8.0_161\jre\classes"/>
    <property name="user.script" value=""/>
    <property name="sun.management.compiler" value="HotSpot 64-Bit Tiered Compilers"/>
    <property name="java.runtime.version" value="1.8.0_161-b12"/>
    <property name="user.name" value="Kumarasamy"/>
    <property name="path.separator" value=";"/>
    <property name="test.groups" value="myTest"/>
    <property name="os.version" value="10.0"/>
    <property name="java.endorsed.dirs" value="C:\Program Files\Java\jdk1.8.0_161\jre\lib\endorsed"/>
    <property name="java.runtime.name" value="Java(TM) SE Runtime Environment"/>
    <property name="file.encoding" value="Cp1252"/>
    <property name="java.vm.name" value="Java HotSpot(TM) 64-Bit Server VM"/>
    <property name="localRepository" value="C:\Users\Kumarasamy\.m2\repository"/>
    <property name="java.vendor.url.bug" value="http://bugreport.sun.com/bugreport/"/>
    <property name="java.io.tmpdir" value="C:\Users\KUMARA~1\AppData\Local\Temp\"/>
    <property name="java.version" value="1.8.0_161"/>
    <property name="user.dir" value="F:\MavenProjects"/>
    <property name="os.arch" value="amd64"/>
    <property name="java.vm.specification.name" value="Java Virtual Machine Specification"/>
    <property name="java.awt.printerjob" value="sun.awt.windows.WPrinterJob"/>
    <property name="sun.os.patch.level" value=""/>
    <property name="java.library.path" value="C:\Program Files\Java\jdk1.8.0_161\jre\bin;C:\WINDOWS\Sun\Java\bin;C:\WINDOWS\system32;C:\WINDOWS;C:\Users\Kumarasamy\bin;C:\Program Files\Git\mingw64\bin;C:\Program Files\Git\usr\local\bin;C:\Program Files\Git\usr\bin;C:\Program Files\Git\usr\bin;C:\apache-maven-3.6.0\bin;C:\ProgramData\Oracle\Java\javapath;C:\Program Files (x86)\Intel\iCLS Client;C:\Program Files\Intel\iCLS Client;C:\WINDOWS\system32;C:\WINDOWS;C:\WINDOWS\System32\Wbem;C:\WINDOWS\System32\WindowsPowerShell\v1.0;C:\Program Files (x86)\Intel\Intel(R) Management Engine Components\DAL;C:\Program Files\Intel\Intel(R) Management Engine Components\DAL;C:\Program Files (x86)\Intel\Intel(R) Management Engine Components\IPT;C:\Program Files\Intel\Intel(R) Management Engine Components\IPT;C:\Program Files\PuTTY;C:\WINDOWS\System32\OpenSSH;C:\Program Files\Git\cmd;C:\Windows\System32;C:\Users\Kumarasamy\AppData\Local\Programs\Python\Python36-32;C:\Users\Kumarasamy\AppData\Local\Programs\Python\Python36-32\Lib\site-packages\tensorflow;C:\Users\Kumarasamy\AppData\Local\Programs\Python\Python36-32\Scripts;G:\Java\New folder\protoc-3.3.0-win32\bin;C:\python2\Scripts;C:\python2;C:\Users\Kumarasamy\AppData\Local\Microsoft\WindowsApps;C:\Users\Kumarasamy\AppData\Local\Programs\Python\Python36-32\DLLs;C:\Windows\System32;C:\apache-maven-3.6.0;C:\Program Files\Git\usr\bin\vendor_perl;C:\Program Files\Git\usr\bin\core_perl;."/>
    <property name="java.vm.info" value="mixed mode"/>
    <property name="java.vendor" value="Oracle Corporation"/>
    <property name="java.vm.version" value="25.161-b12"/>
    <property name="java.ext.dirs" value="C:\Program Files\Java\jdk1.8.0_161\jre\lib\ext;C:\WINDOWS\Sun\Java\lib\ext"/>
    <property name="sun.io.unicode.encoding" value="UnicodeLittle"/>
    <property name="java.class.version" value="52.0"/>
  </properties>
</testsuite>